<?xml version="1.0" encoding="UTF-8"?>
<!-- Generated by org.testng.reporters.JUnitXMLReporter -->
<testsuite hostname="E0446840" ignored="0" name="Tes1" tests="5" failures="0" timestamp="18 Jun 2020 19:23:43 GMT" time="45.344" errors="0">
  <testcase name="DEV_Environment_SUP02" time="14.158" classname="RestAssuredDemo.RestAssuredDemo.MVA10APIs_Suite2"/>
  <testcase name="INT1_Environment_SUP02" time="9.667" classname="RestAssuredDemo.RestAssuredDemo.MVA10APIs_Suite2"/>
  <testcase name="QC1_Environment_SUP02" time="9.611" classname="RestAssuredDemo.RestAssuredDemo.MVA10APIs_Suite2"/>
  <testcase name="SIT1_Environment_SUP02" time="0.676" classname="RestAssuredDemo.RestAssuredDemo.MVA10APIs_Suite2"/>
  <testcase name="SIT2_Environment_SUP02" time="10.402" classname="RestAssuredDemo.RestAssuredDemo.MVA10APIs_Suite2"/>
</testsuite> <!-- Tes1 -->
