<?xml version="1.0" encoding="UTF-8"?>
<!-- Generated by org.testng.reporters.JUnitXMLReporter -->
<testsuite hostname="E0446840" ignored="0" name="Test1" tests="5" failures="0" timestamp="20 May 2020 16:15:24 GMT" time="5.985" errors="0">
  <testcase name="RegisteredNumbers" time="1.673" classname="RestAssuredDemo.RestAssuredDemo.UFL"/>
  <testcase name="SendOTAC" time="0.715" classname="RestAssuredDemo.RestAssuredDemo.UFL"/>
  <testcase name="GetAccounts" time="1.127" classname="RestAssuredDemo.RestAssuredDemo.UFL"/>
  <testcase name="GetSubscriptionsList" time="1.104" classname="RestAssuredDemo.RestAssuredDemo.UFL"/>
  <testcase name="UpfrontLogin" time="1.218" classname="RestAssuredDemo.RestAssuredDemo.UFL"/>
</testsuite> <!-- Test1 -->
