<?xml version="1.0" encoding="UTF-8"?>
<!-- Generated by org.testng.reporters.JUnitXMLReporter -->
<testsuite hostname="E0446840" ignored="0" name="Test" tests="21" failures="2" timestamp="18 May 2020 12:15:51 GMT" time="26.507" errors="0">
  <testcase name="ValidateAppConfigApiStatus" time="3.073" classname="RestAssuredDemo.RestAssuredDemo.ValidateMVA10APIs"/>
  <testcase name="ValidateHanSoloApiStatus" time="1.329" classname="RestAssuredDemo.RestAssuredDemo.ValidateMVA10APIs"/>
  <testcase name="ValidateSoftTokenApiStatus" time="0.727" classname="RestAssuredDemo.RestAssuredDemo.ValidateMVA10APIs"/>
  <testcase name="ValidateSegmentApiStatus" time="0.668" classname="RestAssuredDemo.RestAssuredDemo.ValidateMVA10APIs"/>
  <testcase name="ValidateSubsConfigWithoutSegmentApiStatus" time="0.655" classname="RestAssuredDemo.RestAssuredDemo.ValidateMVA10APIs"/>
  <testcase name="ValidateDashboardApiStatus" time="1.594" classname="RestAssuredDemo.RestAssuredDemo.ValidateMVA10APIs"/>
  <testcase name="ValidateSubsConfigWithSegmentApiStatus" time="0.809" classname="RestAssuredDemo.RestAssuredDemo.ValidateMVA10APIs"/>
  <testcase name="ValidateVeryMeApiStatus" time="0.88" classname="RestAssuredDemo.RestAssuredDemo.ValidateMVA10APIs">
    <failure type="java.lang.AssertionError" message="1 expectation failed.
Expected status code &amp;lt;200&amp;gt; but was &amp;lt;401&amp;gt;.
">
      <![CDATA[java.lang.AssertionError: 1 expectation failed.
Expected status code <200> but was <401>.

at org.codehaus.groovy.runtime.callsite.ConstructorSite$ConstructorSiteNoUnwrap.callConstructor(ConstructorSite.java:84)
at org.codehaus.groovy.runtime.callsite.CallSiteArray.defaultCallConstructor(CallSiteArray.java:59)
at org.codehaus.groovy.runtime.callsite.AbstractCallSite.callConstructor(AbstractCallSite.java:263)
at org.codehaus.groovy.runtime.callsite.AbstractCallSite.callConstructor(AbstractCallSite.java:277)
at io.restassured.internal.ResponseSpecificationImpl$HamcrestAssertionClosure.validate(ResponseSpecificationImpl.groovy:493)
at io.restassured.internal.ResponseSpecificationImpl$HamcrestAssertionClosure$validate$1.call(Unknown Source)
at io.restassured.internal.ResponseSpecificationImpl.validateResponseIfRequired(ResponseSpecificationImpl.groovy:674)
at org.codehaus.groovy.runtime.callsite.PlainObjectMetaMethodSite.doInvoke(PlainObjectMetaMethodSite.java:43)
at org.codehaus.groovy.runtime.callsite.PogoMetaMethodSite$PogoCachedMethodSiteNoUnwrapNoCoerce.invoke(PogoMetaMethodSite.java:193)
at org.codehaus.groovy.runtime.callsite.PogoMetaMethodSite.callCurrent(PogoMetaMethodSite.java:61)
at org.codehaus.groovy.runtime.callsite.AbstractCallSite.callCurrent(AbstractCallSite.java:185)
at io.restassured.internal.ResponseSpecificationImpl.statusCode(ResponseSpecificationImpl.groovy:126)
at io.restassured.specification.ResponseSpecification$statusCode$0.callCurrent(Unknown Source)
at io.restassured.internal.ResponseSpecificationImpl.statusCode(ResponseSpecificationImpl.groovy:134)
at io.restassured.internal.ValidatableResponseOptionsImpl.statusCode(ValidatableResponseOptionsImpl.java:89)
at io.restassured.internal.ValidatableResponseImpl.super$2$statusCode(ValidatableResponseImpl.groovy)
at groovy.lang.MetaMethod.doMethodInvoke(MetaMethod.java:323)
at groovy.lang.MetaClassImpl.invokeMethod(MetaClassImpl.java:1262)
at org.codehaus.groovy.runtime.ScriptBytecodeAdapter.invokeMethodOnSuperN(ScriptBytecodeAdapter.java:144)
at io.restassured.internal.ValidatableResponseImpl.statusCode(ValidatableResponseImpl.groovy:142)
at io.restassured.internal.ValidatableResponseImpl.statusCode(ValidatableResponseImpl.groovy)
at RestAssuredDemo.RestAssuredDemo.ValidateMVA10APIs.ValidateVeryMeApiStatus(ValidateMVA10APIs.java:177)
... Removed 40 stack frames]]>
    </failure>
  </testcase> <!-- ValidateVeryMeApiStatus -->
  <testcase name="ValidateDiscoverApiStatus" time="2.15" classname="RestAssuredDemo.RestAssuredDemo.ValidateMVA10APIs"/>
  <testcase name="ValidateProductsAndServicesApiStatus" time="0.755" classname="RestAssuredDemo.RestAssuredDemo.ValidateMVA10APIs"/>
  <testcase name="ValidateBillHistoryApiStatus" time="1.406" classname="RestAssuredDemo.RestAssuredDemo.ValidateMVA10APIs"/>
  <testcase name="ValidatePlanApiStatus" time="2.037" classname="RestAssuredDemo.RestAssuredDemo.ValidateMVA10APIs"/>
  <testcase name="ValidateUsagesApiStatus" time="0.719" classname="RestAssuredDemo.RestAssuredDemo.ValidateMVA10APIs"/>
  <testcase name="ValidateExtrasApiStatus" time="0.75" classname="RestAssuredDemo.RestAssuredDemo.ValidateMVA10APIs"/>
  <testcase name="ValidateCurrentChargesApiStatus" time="0.746" classname="RestAssuredDemo.RestAssuredDemo.ValidateMVA10APIs"/>
  <testcase name="ValidateAdditionalChargesApiStatus" time="0.756" classname="RestAssuredDemo.RestAssuredDemo.ValidateMVA10APIs"/>
  <testcase name="ValidateUpgradesApiStatus" time="2.241" classname="RestAssuredDemo.RestAssuredDemo.ValidateMVA10APIs"/>
  <testcase name="ValidateVOVApiStatus" time="0.799" classname="RestAssuredDemo.RestAssuredDemo.ValidateMVA10APIs"/>
  <testcase name="ValidatePasswordLoginApiStatus" time="2.36" classname="RestAssuredDemo.RestAssuredDemo.ValidateMVA10APIs"/>
  <testcase name="ValidatGetAccountsApiStatus" time="1.012" classname="RestAssuredDemo.RestAssuredDemo.ValidateMVA10APIs"/>
  <testcase name="ValidatGetSubscriptionsListApiStatus" time="0.005" classname="RestAssuredDemo.RestAssuredDemo.ValidateMVA10APIs">
    <failure type="java.lang.IllegalArgumentException" message="Header value cannot be null">
      <![CDATA[java.lang.IllegalArgumentException: Header value cannot be null
at org.codehaus.groovy.runtime.callsite.ConstructorSite$ConstructorSiteNoUnwrap.callConstructor(ConstructorSite.java:84)
at org.codehaus.groovy.runtime.callsite.CallSiteArray.defaultCallConstructor(CallSiteArray.java:59)
at org.codehaus.groovy.runtime.callsite.AbstractCallSite.callConstructor(AbstractCallSite.java:263)
at org.codehaus.groovy.runtime.callsite.AbstractCallSite.callConstructor(AbstractCallSite.java:277)
at io.restassured.internal.common.assertion.AssertParameter.notNull(AssertParameter.groovy:26)
at io.restassured.internal.common.assertion.AssertParameter$notNull.callStatic(Unknown Source)
at org.codehaus.groovy.runtime.callsite.CallSiteArray.defaultCallStatic(CallSiteArray.java:55)
at io.restassured.internal.common.assertion.AssertParameter$notNull.callStatic(Unknown Source)
at io.restassured.internal.RequestSpecificationImpl.header(RequestSpecificationImpl.groovy:843)
at RestAssuredDemo.RestAssuredDemo.ValidateMVA10APIs.ValidatGetSubscriptionsListApiStatus(ValidateMVA10APIs.java:412)
... Removed 31 stack frames]]>
    </failure>
  </testcase> <!-- ValidatGetSubscriptionsListApiStatus -->
</testsuite> <!-- Test -->
