<?xml version="1.0" encoding="UTF-8"?>
<testsuite xmlns:xsi="http://www.w3.org/2001/XMLSchema-instance" xsi:schemaLocation="https://maven.apache.org/surefire/maven-surefire-plugin/xsd/surefire-test-report.xsd" name="TestSuite" time="124.062" tests="22" errors="0" skipped="0" failures="3">
  <properties>
[...]
</properties>
  <testcase name="AppConfig" classname="RestAssuredDemo.RestAssuredDemo.MVA10APIs_Suite" time="62.99">
    <failure message="Remote host closed connection during handshake" type="javax.net.ssl.SSLHandshakeException">javax.net.ssl.SSLHandshakeException: Remote host closed connection during handshake
	at RestAssuredDemo.RestAssuredDemo.MVA10APIs_Suite.AppConfig(MVA10APIs_Suite.java:103)
Caused by: java.io.EOFException: SSL peer shut down incorrectly
	at RestAssuredDemo.RestAssuredDemo.MVA10APIs_Suite.AppConfig(MVA10APIs_Suite.java:103)
</failure>
    <system-out><![CDATA[BaseUrl :https://mvax.dx-int1-common.digital.vodafoneaws.co.uk]]></system-out>
    <system-err><![CDATA[log4j:WARN No appenders could be found for logger (org.apache.http.impl.conn.BasicClientConnectionManager).
log4j:WARN Please initialize the log4j system properly.
log4j:WARN See http://logging.apache.org/log4j/1.2/faq.html#noconfig for more info.
]]></system-err>
  </testcase>
  <testcase name="HanSolo" classname="RestAssuredDemo.RestAssuredDemo.MVA10APIs_Suite" time="2.517"/>
  <testcase name="SoftToken" classname="RestAssuredDemo.RestAssuredDemo.MVA10APIs_Suite" time="5.939"/>
  <testcase name="Segment" classname="RestAssuredDemo.RestAssuredDemo.MVA10APIs_Suite" time="2.263"/>
  <testcase name="SubsConfigWithoutSegment" classname="RestAssuredDemo.RestAssuredDemo.MVA10APIs_Suite" time="2.137"/>
  <testcase name="Dashboard" classname="RestAssuredDemo.RestAssuredDemo.MVA10APIs_Suite" time="4.782"/>
  <testcase name="SubsConfigWithSegment" classname="RestAssuredDemo.RestAssuredDemo.MVA10APIs_Suite" time="1.094"/>
  <testcase name="VeryMe" classname="RestAssuredDemo.RestAssuredDemo.MVA10APIs_Suite" time="1.737">
    <failure message="1 expectation failed.&#10;Expected status code &lt;200&gt; doesn&apos;t match actual status code &lt;401&gt;.&#10;" type="java.lang.AssertionError"><![CDATA[java.lang.AssertionError: 
1 expectation failed.
Expected status code <200> doesn't match actual status code <401>.

	at RestAssuredDemo.RestAssuredDemo.MVA10APIs_Suite.VeryMe(MVA10APIs_Suite.java:256)
]]></failure>
  </testcase>
  <testcase name="Discover" classname="RestAssuredDemo.RestAssuredDemo.MVA10APIs_Suite" time="2.134"/>
  <testcase name="ProductsAndServices" classname="RestAssuredDemo.RestAssuredDemo.MVA10APIs_Suite" time="1.688"/>
  <testcase name="BillHistory" classname="RestAssuredDemo.RestAssuredDemo.MVA10APIs_Suite" time="2.582"/>
  <testcase name="Plan" classname="RestAssuredDemo.RestAssuredDemo.MVA10APIs_Suite" time="3.804"/>
  <testcase name="Usages" classname="RestAssuredDemo.RestAssuredDemo.MVA10APIs_Suite" time="1.673"/>
  <testcase name="Extras" classname="RestAssuredDemo.RestAssuredDemo.MVA10APIs_Suite" time="2.068"/>
  <testcase name="CurrentCharges" classname="RestAssuredDemo.RestAssuredDemo.MVA10APIs_Suite" time="2.254">
    <failure message="1 expectation failed.&#10;Expected status code &lt;200&gt; doesn&apos;t match actual status code &lt;500&gt;.&#10;" type="java.lang.AssertionError"><![CDATA[java.lang.AssertionError: 
1 expectation failed.
Expected status code <200> doesn't match actual status code <500>.

	at RestAssuredDemo.RestAssuredDemo.MVA10APIs_Suite.CurrentCharges(MVA10APIs_Suite.java:401)
]]></failure>
  </testcase>
  <testcase name="AdditionalCharges" classname="RestAssuredDemo.RestAssuredDemo.MVA10APIs_Suite" time="4.602"/>
  <testcase name="Upgrades" classname="RestAssuredDemo.RestAssuredDemo.MVA10APIs_Suite" time="3.363"/>
  <testcase name="VOV" classname="RestAssuredDemo.RestAssuredDemo.MVA10APIs_Suite" time="1.786"/>
  <testcase name="PasswordLogin" classname="RestAssuredDemo.RestAssuredDemo.MVA10APIs_Suite" time="7.023"/>
  <testcase name="GetAccounts" classname="RestAssuredDemo.RestAssuredDemo.MVA10APIs_Suite" time="1.635"/>
  <testcase name="GetSubscriptionsList" classname="RestAssuredDemo.RestAssuredDemo.MVA10APIs_Suite" time="1.883"/>
  <testcase name="SubscriptionSwitch" classname="RestAssuredDemo.RestAssuredDemo.MVA10APIs_Suite" time="1.906"/>
</testsuite>