<?xml version="1.0" encoding="UTF-8"?>
<testng-results skipped="0" failed="0" ignored="0" total="3" passed="3">
  <reporter-output>
  </reporter-output>
  <suite name="testBeforeSuite" duration-ms="9562" started-at="2020-05-20T17:42:43Z" finished-at="2020-05-20T17:42:52Z">
    <groups>
    </groups>
    <test name="Tes1" duration-ms="3073" started-at="2020-05-20T17:42:43Z" finished-at="2020-05-20T17:42:46Z">
      <class name="RestAssuredDemo.RestAssuredDemo.AppConfigApi">
        <test-method status="PASS" signature="beforeMethod(java.lang.reflect.Method)[pri:0, instance:RestAssuredDemo.RestAssuredDemo.AppConfigApi@5383967b]" name="beforeMethod" is-config="true" duration-ms="118" started-at="2020-05-20T17:42:43Z" finished-at="2020-05-20T17:42:43Z">
          <params>
            <param index="0">
              <value>
                <![CDATA[public void RestAssuredDemo.RestAssuredDemo.AppConfigApi.AppConfig(java.lang.String,java.lang.String,java.lang.String)]]>
              </value>
            </param>
          </params>
          <reporter-output>
          </reporter-output>
        </test-method> <!-- beforeMethod -->
        <test-method status="PASS" signature="AppConfig(java.lang.String, java.lang.String, java.lang.String)[pri:0, instance:RestAssuredDemo.RestAssuredDemo.AppConfigApi@5383967b]" name="AppConfig" duration-ms="2724" started-at="2020-05-20T17:42:43Z" finished-at="2020-05-20T17:42:45Z">
          <params>
            <param index="0">
              <value>
                <![CDATA[https://mvax.dx-int1-common.digital.vodafoneaws.co.uk]]>
              </value>
            </param>
            <param index="1">
              <value>
                <![CDATA[/app/api/v1/appconfig]]>
              </value>
            </param>
            <param index="2">
              <value>
                <![CDATA[447386011953]]>
              </value>
            </param>
          </params>
          <reporter-output>
          </reporter-output>
        </test-method> <!-- AppConfig -->
        <test-method status="PASS" signature="afterMethod(org.testng.ITestResult)[pri:0, instance:RestAssuredDemo.RestAssuredDemo.AppConfigApi@5383967b]" name="afterMethod" is-config="true" duration-ms="202" started-at="2020-05-20T17:42:45Z" finished-at="2020-05-20T17:42:46Z">
          <params>
            <param index="0">
              <value>
                <![CDATA[[TestResult name=AppConfig status=SUCCESS method=AppConfigApi.AppConfig(java.lang.String, java.lang.String, java.lang.String)[pri:0, instance:RestAssuredDemo.RestAssuredDemo.AppConfigApi@5383967b] output={null}]]]>
              </value>
            </param>
          </params>
          <reporter-output>
          </reporter-output>
        </test-method> <!-- afterMethod -->
      </class> <!-- RestAssuredDemo.RestAssuredDemo.AppConfigApi -->
    </test> <!-- Tes1 -->
    <test name="Test2" duration-ms="1341" started-at="2020-05-20T17:42:46Z" finished-at="2020-05-20T17:42:47Z">
      <class name="RestAssuredDemo.RestAssuredDemo.HanSoloApi">
        <test-method status="PASS" signature="beforeMethod(java.lang.reflect.Method)[pri:0, instance:RestAssuredDemo.RestAssuredDemo.HanSoloApi@67b92f0a]" name="beforeMethod" is-config="true" duration-ms="1" started-at="2020-05-20T17:42:46Z" finished-at="2020-05-20T17:42:46Z">
          <params>
            <param index="0">
              <value>
                <![CDATA[public void RestAssuredDemo.RestAssuredDemo.HanSoloApi.HanSolo(java.lang.String,java.lang.String,java.lang.String)]]>
              </value>
            </param>
          </params>
          <reporter-output>
          </reporter-output>
        </test-method> <!-- beforeMethod -->
        <test-method status="PASS" signature="HanSolo(java.lang.String, java.lang.String, java.lang.String)[pri:0, instance:RestAssuredDemo.RestAssuredDemo.HanSoloApi@67b92f0a]" name="HanSolo" duration-ms="1301" started-at="2020-05-20T17:42:46Z" finished-at="2020-05-20T17:42:47Z">
          <params>
            <param index="0">
              <value>
                <![CDATA[https://mvax.dx-int1-common.digital.vodafoneaws.co.uk]]>
              </value>
            </param>
            <param index="1">
              <value>
                <![CDATA[/app/api/v1/testHansolo]]>
              </value>
            </param>
            <param index="2">
              <value>
                <![CDATA[447386011953]]>
              </value>
            </param>
          </params>
          <reporter-output>
          </reporter-output>
        </test-method> <!-- HanSolo -->
        <test-method status="PASS" signature="afterMethod(org.testng.ITestResult)[pri:0, instance:RestAssuredDemo.RestAssuredDemo.HanSoloApi@67b92f0a]" name="afterMethod" is-config="true" duration-ms="38" started-at="2020-05-20T17:42:47Z" finished-at="2020-05-20T17:42:47Z">
          <params>
            <param index="0">
              <value>
                <![CDATA[[TestResult name=HanSolo status=SUCCESS method=HanSoloApi.HanSolo(java.lang.String, java.lang.String, java.lang.String)[pri:0, instance:RestAssuredDemo.RestAssuredDemo.HanSoloApi@67b92f0a] output={null}]]]>
              </value>
            </param>
          </params>
          <reporter-output>
          </reporter-output>
        </test-method> <!-- afterMethod -->
      </class> <!-- RestAssuredDemo.RestAssuredDemo.HanSoloApi -->
    </test> <!-- Test2 -->
    <test name="Test3" duration-ms="5093" started-at="2020-05-20T17:42:47Z" finished-at="2020-05-20T17:42:52Z">
      <class name="RestAssuredDemo.RestAssuredDemo.SoftTokenApi">
        <test-method status="PASS" signature="beforeMethod(java.lang.reflect.Method)[pri:0, instance:RestAssuredDemo.RestAssuredDemo.SoftTokenApi@5b87ed94]" name="beforeMethod" is-config="true" duration-ms="0" started-at="2020-05-20T17:42:47Z" finished-at="2020-05-20T17:42:47Z">
          <params>
            <param index="0">
              <value>
                <![CDATA[public void RestAssuredDemo.RestAssuredDemo.SoftTokenApi.SoftToken(java.lang.String,java.lang.String,java.lang.String)]]>
              </value>
            </param>
          </params>
          <reporter-output>
          </reporter-output>
        </test-method> <!-- beforeMethod -->
        <test-method status="PASS" signature="SoftToken(java.lang.String, java.lang.String, java.lang.String)[pri:0, instance:RestAssuredDemo.RestAssuredDemo.SoftTokenApi@5b87ed94]" name="SoftToken" duration-ms="5036" started-at="2020-05-20T17:42:47Z" finished-at="2020-05-20T17:42:52Z">
          <params>
            <param index="0">
              <value>
                <![CDATA[https://mvax.dx-int1-common.digital.vodafoneaws.co.uk]]>
              </value>
            </param>
            <param index="1">
              <value>
                <![CDATA[/app/api/v2/softToken]]>
              </value>
            </param>
            <param index="2">
              <value>
                <![CDATA[447386011953]]>
              </value>
            </param>
          </params>
          <reporter-output>
          </reporter-output>
        </test-method> <!-- SoftToken -->
        <test-method status="PASS" signature="afterMethod(org.testng.ITestResult)[pri:0, instance:RestAssuredDemo.RestAssuredDemo.SoftTokenApi@5b87ed94]" name="afterMethod" is-config="true" duration-ms="52" started-at="2020-05-20T17:42:52Z" finished-at="2020-05-20T17:42:52Z">
          <params>
            <param index="0">
              <value>
                <![CDATA[[TestResult name=SoftToken status=SUCCESS method=SoftTokenApi.SoftToken(java.lang.String, java.lang.String, java.lang.String)[pri:0, instance:RestAssuredDemo.RestAssuredDemo.SoftTokenApi@5b87ed94] output={null}]]]>
              </value>
            </param>
          </params>
          <reporter-output>
          </reporter-output>
        </test-method> <!-- afterMethod -->
      </class> <!-- RestAssuredDemo.RestAssuredDemo.SoftTokenApi -->
    </test> <!-- Test3 -->
  </suite> <!-- testBeforeSuite -->
</testng-results>
