<?xml version="1.0" encoding="UTF-8"?>
<testng-results skipped="0" failed="0" ignored="0" total="6" passed="6">
  <reporter-output>
  </reporter-output>
  <suite name="testBeforeSuite" duration-ms="10702" started-at="2020-06-22T15:23:49Z" finished-at="2020-06-22T15:24:00Z">
    <groups>
    </groups>
    <test name="Tes1" duration-ms="10702" started-at="2020-06-22T15:23:49Z" finished-at="2020-06-22T15:24:00Z">
      <class name="RestAssuredDemo.RestAssuredDemo.MVA10APIs_Suite2">
        <test-method status="PASS" signature="beforeMethod(java.lang.reflect.Method)[pri:0, instance:RestAssuredDemo.RestAssuredDemo.MVA10APIs_Suite2@56ac3a89]" name="beforeMethod" is-config="true" duration-ms="138" started-at="2020-06-22T15:23:49Z" finished-at="2020-06-22T15:23:49Z">
          <params>
            <param index="0">
              <value>
                <![CDATA[public void RestAssuredDemo.RestAssuredDemo.MVA10APIs_Suite2.DEV_Environment_SUP02()]]>
              </value>
            </param>
          </params>
          <reporter-output>
          </reporter-output>
        </test-method> <!-- beforeMethod -->
        <test-method status="PASS" signature="DEV_Environment_SUP02()[pri:0, instance:RestAssuredDemo.RestAssuredDemo.MVA10APIs_Suite2@56ac3a89]" name="DEV_Environment_SUP02" duration-ms="3376" started-at="2020-06-22T15:23:49Z" finished-at="2020-06-22T15:23:53Z">
          <reporter-output>
          </reporter-output>
        </test-method> <!-- DEV_Environment_SUP02 -->
        <test-method status="PASS" signature="afterMethod(org.testng.ITestResult)[pri:0, instance:RestAssuredDemo.RestAssuredDemo.MVA10APIs_Suite2@56ac3a89]" name="afterMethod" is-config="true" duration-ms="200" started-at="2020-06-22T15:23:53Z" finished-at="2020-06-22T15:23:53Z">
          <params>
            <param index="0">
              <value>
                <![CDATA[[TestResult name=DEV_Environment_SUP02 status=SUCCESS method=MVA10APIs_Suite2.DEV_Environment_SUP02()[pri:0, instance:RestAssuredDemo.RestAssuredDemo.MVA10APIs_Suite2@56ac3a89] output={null}]]]>
              </value>
            </param>
          </params>
          <reporter-output>
          </reporter-output>
        </test-method> <!-- afterMethod -->
        <test-method status="PASS" signature="INT1_Environment_SUP02()[pri:0, instance:RestAssuredDemo.RestAssuredDemo.MVA10APIs_Suite2@56ac3a89]" name="INT1_Environment_SUP02" duration-ms="1353" started-at="2020-06-22T15:23:53Z" finished-at="2020-06-22T15:23:54Z">
          <reporter-output>
          </reporter-output>
        </test-method> <!-- INT1_Environment_SUP02 -->
        <test-method status="PASS" signature="beforeMethod(java.lang.reflect.Method)[pri:0, instance:RestAssuredDemo.RestAssuredDemo.MVA10APIs_Suite2@56ac3a89]" name="beforeMethod" is-config="true" duration-ms="0" started-at="2020-06-22T15:23:53Z" finished-at="2020-06-22T15:23:53Z">
          <params>
            <param index="0">
              <value>
                <![CDATA[public void RestAssuredDemo.RestAssuredDemo.MVA10APIs_Suite2.INT1_Environment_SUP02()]]>
              </value>
            </param>
          </params>
          <reporter-output>
          </reporter-output>
        </test-method> <!-- beforeMethod -->
        <test-method status="PASS" signature="afterMethod(org.testng.ITestResult)[pri:0, instance:RestAssuredDemo.RestAssuredDemo.MVA10APIs_Suite2@56ac3a89]" name="afterMethod" is-config="true" duration-ms="41" started-at="2020-06-22T15:23:54Z" finished-at="2020-06-22T15:23:54Z">
          <params>
            <param index="0">
              <value>
                <![CDATA[[TestResult name=INT1_Environment_SUP02 status=SUCCESS method=MVA10APIs_Suite2.INT1_Environment_SUP02()[pri:0, instance:RestAssuredDemo.RestAssuredDemo.MVA10APIs_Suite2@56ac3a89] output={null}]]]>
              </value>
            </param>
          </params>
          <reporter-output>
          </reporter-output>
        </test-method> <!-- afterMethod -->
        <test-method status="PASS" signature="QC1_Environment_E7()[pri:0, instance:RestAssuredDemo.RestAssuredDemo.MVA10APIs_Suite2@56ac3a89]" name="QC1_Environment_E7" duration-ms="1333" started-at="2020-06-22T15:23:54Z" finished-at="2020-06-22T15:23:56Z">
          <reporter-output>
          </reporter-output>
        </test-method> <!-- QC1_Environment_E7 -->
        <test-method status="PASS" signature="beforeMethod(java.lang.reflect.Method)[pri:0, instance:RestAssuredDemo.RestAssuredDemo.MVA10APIs_Suite2@56ac3a89]" name="beforeMethod" is-config="true" duration-ms="0" started-at="2020-06-22T15:23:54Z" finished-at="2020-06-22T15:23:54Z">
          <params>
            <param index="0">
              <value>
                <![CDATA[public void RestAssuredDemo.RestAssuredDemo.MVA10APIs_Suite2.QC1_Environment_E7()]]>
              </value>
            </param>
          </params>
          <reporter-output>
          </reporter-output>
        </test-method> <!-- beforeMethod -->
        <test-method status="PASS" signature="afterMethod(org.testng.ITestResult)[pri:0, instance:RestAssuredDemo.RestAssuredDemo.MVA10APIs_Suite2@56ac3a89]" name="afterMethod" is-config="true" duration-ms="40" started-at="2020-06-22T15:23:56Z" finished-at="2020-06-22T15:23:56Z">
          <params>
            <param index="0">
              <value>
                <![CDATA[[TestResult name=QC1_Environment_E7 status=SUCCESS method=MVA10APIs_Suite2.QC1_Environment_E7()[pri:0, instance:RestAssuredDemo.RestAssuredDemo.MVA10APIs_Suite2@56ac3a89] output={null}]]]>
              </value>
            </param>
          </params>
          <reporter-output>
          </reporter-output>
        </test-method> <!-- afterMethod -->
        <test-method status="PASS" signature="beforeMethod(java.lang.reflect.Method)[pri:0, instance:RestAssuredDemo.RestAssuredDemo.MVA10APIs_Suite2@56ac3a89]" name="beforeMethod" is-config="true" duration-ms="0" started-at="2020-06-22T15:23:56Z" finished-at="2020-06-22T15:23:56Z">
          <params>
            <param index="0">
              <value>
                <![CDATA[public void RestAssuredDemo.RestAssuredDemo.MVA10APIs_Suite2.QC1_Environment_SUP02()]]>
              </value>
            </param>
          </params>
          <reporter-output>
          </reporter-output>
        </test-method> <!-- beforeMethod -->
        <test-method status="PASS" signature="QC1_Environment_SUP02()[pri:0, instance:RestAssuredDemo.RestAssuredDemo.MVA10APIs_Suite2@56ac3a89]" name="QC1_Environment_SUP02" duration-ms="2159" started-at="2020-06-22T15:23:56Z" finished-at="2020-06-22T15:23:58Z">
          <reporter-output>
          </reporter-output>
        </test-method> <!-- QC1_Environment_SUP02 -->
        <test-method status="PASS" signature="afterMethod(org.testng.ITestResult)[pri:0, instance:RestAssuredDemo.RestAssuredDemo.MVA10APIs_Suite2@56ac3a89]" name="afterMethod" is-config="true" duration-ms="22" started-at="2020-06-22T15:23:58Z" finished-at="2020-06-22T15:23:58Z">
          <params>
            <param index="0">
              <value>
                <![CDATA[[TestResult name=QC1_Environment_SUP02 status=SUCCESS method=MVA10APIs_Suite2.QC1_Environment_SUP02()[pri:0, instance:RestAssuredDemo.RestAssuredDemo.MVA10APIs_Suite2@56ac3a89] output={null}]]]>
              </value>
            </param>
          </params>
          <reporter-output>
          </reporter-output>
        </test-method> <!-- afterMethod -->
        <test-method status="PASS" signature="SIT1_Environment_SUP02()[pri:0, instance:RestAssuredDemo.RestAssuredDemo.MVA10APIs_Suite2@56ac3a89]" name="SIT1_Environment_SUP02" duration-ms="600" started-at="2020-06-22T15:23:58Z" finished-at="2020-06-22T15:23:59Z">
          <reporter-output>
          </reporter-output>
        </test-method> <!-- SIT1_Environment_SUP02 -->
        <test-method status="PASS" signature="beforeMethod(java.lang.reflect.Method)[pri:0, instance:RestAssuredDemo.RestAssuredDemo.MVA10APIs_Suite2@56ac3a89]" name="beforeMethod" is-config="true" duration-ms="0" started-at="2020-06-22T15:23:58Z" finished-at="2020-06-22T15:23:58Z">
          <params>
            <param index="0">
              <value>
                <![CDATA[public void RestAssuredDemo.RestAssuredDemo.MVA10APIs_Suite2.SIT1_Environment_SUP02()]]>
              </value>
            </param>
          </params>
          <reporter-output>
          </reporter-output>
        </test-method> <!-- beforeMethod -->
        <test-method status="PASS" signature="afterMethod(org.testng.ITestResult)[pri:0, instance:RestAssuredDemo.RestAssuredDemo.MVA10APIs_Suite2@56ac3a89]" name="afterMethod" is-config="true" duration-ms="59" started-at="2020-06-22T15:23:59Z" finished-at="2020-06-22T15:23:59Z">
          <params>
            <param index="0">
              <value>
                <![CDATA[[TestResult name=SIT1_Environment_SUP02 status=SUCCESS method=MVA10APIs_Suite2.SIT1_Environment_SUP02()[pri:0, instance:RestAssuredDemo.RestAssuredDemo.MVA10APIs_Suite2@56ac3a89] output={null}]]]>
              </value>
            </param>
          </params>
          <reporter-output>
          </reporter-output>
        </test-method> <!-- afterMethod -->
        <test-method status="PASS" signature="SIT2_Environment_SUP02()[pri:0, instance:RestAssuredDemo.RestAssuredDemo.MVA10APIs_Suite2@56ac3a89]" name="SIT2_Environment_SUP02" duration-ms="1324" started-at="2020-06-22T15:23:59Z" finished-at="2020-06-22T15:24:00Z">
          <reporter-output>
          </reporter-output>
        </test-method> <!-- SIT2_Environment_SUP02 -->
        <test-method status="PASS" signature="beforeMethod(java.lang.reflect.Method)[pri:0, instance:RestAssuredDemo.RestAssuredDemo.MVA10APIs_Suite2@56ac3a89]" name="beforeMethod" is-config="true" duration-ms="0" started-at="2020-06-22T15:23:59Z" finished-at="2020-06-22T15:23:59Z">
          <params>
            <param index="0">
              <value>
                <![CDATA[public void RestAssuredDemo.RestAssuredDemo.MVA10APIs_Suite2.SIT2_Environment_SUP02()]]>
              </value>
            </param>
          </params>
          <reporter-output>
          </reporter-output>
        </test-method> <!-- beforeMethod -->
        <test-method status="PASS" signature="afterMethod(org.testng.ITestResult)[pri:0, instance:RestAssuredDemo.RestAssuredDemo.MVA10APIs_Suite2@56ac3a89]" name="afterMethod" is-config="true" duration-ms="20" started-at="2020-06-22T15:24:00Z" finished-at="2020-06-22T15:24:00Z">
          <params>
            <param index="0">
              <value>
                <![CDATA[[TestResult name=SIT2_Environment_SUP02 status=SUCCESS method=MVA10APIs_Suite2.SIT2_Environment_SUP02()[pri:0, instance:RestAssuredDemo.RestAssuredDemo.MVA10APIs_Suite2@56ac3a89] output={null}]]]>
              </value>
            </param>
          </params>
          <reporter-output>
          </reporter-output>
        </test-method> <!-- afterMethod -->
        <test-method status="PASS" signature="tear()[pri:0, instance:RestAssuredDemo.RestAssuredDemo.MVA10APIs_Suite2@56ac3a89]" name="tear" is-config="true" duration-ms="17" started-at="2020-06-22T15:24:00Z" finished-at="2020-06-22T15:24:00Z">
          <reporter-output>
          </reporter-output>
        </test-method> <!-- tear -->
      </class> <!-- RestAssuredDemo.RestAssuredDemo.MVA10APIs_Suite2 -->
    </test> <!-- Tes1 -->
  </suite> <!-- testBeforeSuite -->
</testng-results>
